<?xml version="1.0" encoding="UTF-8"?>
<!-- Generated by org.testng.reporters.JUnitXMLReporter -->
<testsuite ignored="0" hostname="DESKTOP-L7NO5ET" failures="1" tests="1" name="Test" time="14.781" errors="0" timestamp="2025-03-08T12:26:45 IST">
  <testcase classname="testNGListeners.ValidLoginInDWS_UsingMethod" name="validLoginTC" time="2.591">
    <failure type="java.lang.NullPointerException" message="Cannot invoke &amp;quot;Object.toString()&amp;quot; because &amp;quot;cell&amp;quot; is null">
      <![CDATA[java.lang.NullPointerException: Cannot invoke "Object.toString()" because "cell" is null
at testNGListeners.Flib.readExcelData(Flib.java:30)
at testNGListeners.ValidLoginInDWS_UsingMethod.validLoginTC(ValidLoginInDWS_UsingMethod.java:25)
at java.base/java.util.ArrayList.forEach(ArrayList.java:1597)
... Removed 25 stack frames]]>
    </failure>
  </testcase> <!-- validLoginTC -->
</testsuite> <!-- Test -->
