<?xml version="1.0" encoding="UTF-8"?>
<!-- Generated by org.testng.reporters.JUnitXMLReporter -->
<testsuite ignored="0" hostname="DESKTOP-L7NO5ET" failures="0" tests="3" name="Test2" time="29.325" errors="0" timestamp="2025-03-05T11:52:11 IST">
  <testcase classname="testNGExecution.LaunchFacebook" name="launcgFacebbok" time="8.791"/>
  <testcase classname="testNGExecution.LaunchTwitter" name="launchTwitter" time="11.511"/>
  <testcase classname="testNGExecution.LaunchInstagram" name="launchInstagram" time="8.958"/>
</testsuite> <!-- Test2 -->
