<?xml version="1.0" encoding="UTF-8"?>
<!-- Generated by org.testng.reporters.JUnitXMLReporter -->
<testsuite ignored="0" hostname="DESKTOP-L7NO5ET" failures="0" tests="3" name="Test1" time="30.351" errors="0" timestamp="2025-03-05T11:52:12 IST">
  <testcase classname="testNGExecution.LaunchFacebook" name="launcgFacebbok" time="9.089"/>
  <testcase classname="testNGExecution.LaunchTwitter" name="launchTwitter" time="11.745"/>
  <testcase classname="testNGExecution.LaunchInstagram" name="launchInstagram" time="9.474"/>
</testsuite> <!-- Test1 -->
